<?xml version="1.0" encoding="UTF-8"?>
<!-- Generated by org.testng.reporters.JUnitReportReporter -->
<testsuite hostname="admin-PC" name="com.myhexin.TestHome" tests="1" failures="0" timestamp="18 May 2012 03:01:58 GMT" time="1.094" errors="0">
  <testcase name="testAbnormalNews" time="1.094" classname="com.myhexin.TestHome"/>
</testsuite> <!-- com.myhexin.TestHome -->
