<?xml version="1.0" encoding="UTF-8"?>
<!-- Generated by org.testng.reporters.JUnitReportReporter -->
<testsuite hostname="admin-PC" name="com.myhexin.TestReport" tests="1" failures="0" timestamp="24 May 2012 06:15:50 GMT" time="0.845" errors="0">
  <testcase name="testFengyun" time="0.845" classname="com.myhexin.TestReport"/>
</testsuite> <!-- com.myhexin.TestReport -->
